<?xml version="1.0" encoding="UTF-8"?>
<!-- Generated by org.testng.reporters.JUnitXMLReporter -->
<testsuite hostname="DESKTOP-C4LVIFM" ignored="0" name="Default test" tests="11" failures="0" timestamp="2021-09-16T17:44:40 IST" time="40.46" errors="0">
  <testcase name="deleteTask" time="0.01" classname="com.sgtesting.testngloginlogoutscenario.Example7"/>
  <testcase name="launchBrowser" time="1.674" classname="com.sgtesting.testngloginlogoutscenario.Example7"/>
  <testcase name="navigate" time="2.565" classname="com.sgtesting.testngloginlogoutscenario.Example7"/>
  <testcase name="logIn" time="2.279" classname="com.sgtesting.testngloginlogoutscenario.Example7"/>
  <testcase name="CreateCustomer" time="5.362" classname="com.sgtesting.testngloginlogoutscenario.Example7"/>
  <testcase name="CreateProject" time="2.375" classname="com.sgtesting.testngloginlogoutscenario.Example7"/>
  <testcase name="createTask" time="11.956" classname="com.sgtesting.testngloginlogoutscenario.Example7"/>
  <testcase name="deleteProject" time="6.412" classname="com.sgtesting.testngloginlogoutscenario.Example7"/>
  <testcase name="deleteCustomer" time="6.399" classname="com.sgtesting.testngloginlogoutscenario.Example7"/>
  <testcase name="logout" time="1.255" classname="com.sgtesting.testngloginlogoutscenario.Example7"/>
  <testcase name="closeApplication" time="0.106" classname="com.sgtesting.testngloginlogoutscenario.Example7"/>
</testsuite> <!-- Default test -->
