<?xml version="1.0" encoding="UTF-8"?>
<testng-results skipped="0" failed="0" ignored="0" total="11" passed="11">
  <reporter-output>
  </reporter-output>
  <suite name="Default suite" duration-ms="40460" started-at="2021-09-16T17:44:00 IST" finished-at="2021-09-16T17:44:40 IST">
    <groups>
    </groups>
    <test name="Default test" duration-ms="40460" started-at="2021-09-16T17:44:00 IST" finished-at="2021-09-16T17:44:40 IST">
      <class name="com.sgtesting.testngloginlogoutscenario.Example7">
        <test-method status="PASS" signature="deleteTask()[pri:0, instance:com.sgtesting.testngloginlogoutscenario.Example7@d44fc21]" name="deleteTask" duration-ms="10" started-at="2021-09-16T17:44:00 IST" finished-at="2021-09-16T17:44:00 IST">
          <reporter-output>
          </reporter-output>
        </test-method> <!-- deleteTask -->
        <test-method status="PASS" signature="launchBrowser()[pri:1, instance:com.sgtesting.testngloginlogoutscenario.Example7@d44fc21]" name="launchBrowser" duration-ms="1674" started-at="2021-09-16T17:44:00 IST" finished-at="2021-09-16T17:44:02 IST">
          <reporter-output>
          </reporter-output>
        </test-method> <!-- launchBrowser -->
        <test-method status="PASS" signature="navigate()[pri:2, instance:com.sgtesting.testngloginlogoutscenario.Example7@d44fc21]" name="navigate" duration-ms="2565" started-at="2021-09-16T17:44:02 IST" finished-at="2021-09-16T17:44:04 IST">
          <reporter-output>
          </reporter-output>
        </test-method> <!-- navigate -->
        <test-method status="PASS" signature="logIn()[pri:3, instance:com.sgtesting.testngloginlogoutscenario.Example7@d44fc21]" name="logIn" duration-ms="2279" started-at="2021-09-16T17:44:04 IST" finished-at="2021-09-16T17:44:06 IST">
          <reporter-output>
          </reporter-output>
        </test-method> <!-- logIn -->
        <test-method status="PASS" signature="CreateCustomer()[pri:4, instance:com.sgtesting.testngloginlogoutscenario.Example7@d44fc21]" name="CreateCustomer" duration-ms="5362" started-at="2021-09-16T17:44:06 IST" finished-at="2021-09-16T17:44:12 IST">
          <reporter-output>
          </reporter-output>
        </test-method> <!-- CreateCustomer -->
        <test-method status="PASS" signature="CreateProject()[pri:5, instance:com.sgtesting.testngloginlogoutscenario.Example7@d44fc21]" name="CreateProject" duration-ms="2375" started-at="2021-09-16T17:44:12 IST" finished-at="2021-09-16T17:44:14 IST">
          <reporter-output>
          </reporter-output>
        </test-method> <!-- CreateProject -->
        <test-method status="PASS" signature="createTask()[pri:6, instance:com.sgtesting.testngloginlogoutscenario.Example7@d44fc21]" name="createTask" duration-ms="11956" started-at="2021-09-16T17:44:14 IST" finished-at="2021-09-16T17:44:26 IST">
          <reporter-output>
          </reporter-output>
        </test-method> <!-- createTask -->
        <test-method status="PASS" signature="deleteProject()[pri:8, instance:com.sgtesting.testngloginlogoutscenario.Example7@d44fc21]" name="deleteProject" duration-ms="6412" started-at="2021-09-16T17:44:26 IST" finished-at="2021-09-16T17:44:33 IST">
          <reporter-output>
          </reporter-output>
        </test-method> <!-- deleteProject -->
        <test-method status="PASS" signature="deleteCustomer()[pri:9, instance:com.sgtesting.testngloginlogoutscenario.Example7@d44fc21]" name="deleteCustomer" duration-ms="6399" started-at="2021-09-16T17:44:33 IST" finished-at="2021-09-16T17:44:39 IST">
          <reporter-output>
          </reporter-output>
        </test-method> <!-- deleteCustomer -->
        <test-method status="PASS" signature="logout()[pri:10, instance:com.sgtesting.testngloginlogoutscenario.Example7@d44fc21]" name="logout" duration-ms="1255" started-at="2021-09-16T17:44:39 IST" finished-at="2021-09-16T17:44:40 IST">
          <reporter-output>
          </reporter-output>
        </test-method> <!-- logout -->
        <test-method status="PASS" signature="closeApplication()[pri:11, instance:com.sgtesting.testngloginlogoutscenario.Example7@d44fc21]" name="closeApplication" duration-ms="106" started-at="2021-09-16T17:44:40 IST" finished-at="2021-09-16T17:44:40 IST">
          <reporter-output>
          </reporter-output>
        </test-method> <!-- closeApplication -->
      </class> <!-- com.sgtesting.testngloginlogoutscenario.Example7 -->
    </test> <!-- Default test -->
  </suite> <!-- Default suite -->
</testng-results>
